[2024-02-03 17:28:03,330 - INFO - common - yaml file: config\config.yaml loaded successfully]
[2024-02-03 17:28:03,401 - INFO - common - yaml file: params.yaml loaded successfully]
[2024-02-03 17:28:03,406 - INFO - common - yaml file: schema.yaml loaded successfully]
[2024-02-03 17:28:03,408 - INFO - common - created directory at: artifacts]
[2024-02-03 17:32:06,285 - INFO - common - yaml file: config\config.yaml loaded successfully]
[2024-02-03 17:32:06,288 - INFO - common - yaml file: params.yaml loaded successfully]
[2024-02-03 17:32:06,290 - INFO - common - yaml file: schema.yaml loaded successfully]
[2024-02-03 17:32:06,348 - INFO - common - created directory at: artifacts]
[2024-02-03 17:32:50,043 - INFO - common - yaml file: config\config.yaml loaded successfully]
[2024-02-03 17:32:50,046 - INFO - common - yaml file: params.yaml loaded successfully]
[2024-02-03 17:32:50,047 - INFO - common - yaml file: schema.yaml loaded successfully]
[2024-02-03 17:32:50,049 - INFO - common - created directory at: artifacts]
[2024-02-03 17:33:40,243 - INFO - common - yaml file: config\config.yaml loaded successfully]
[2024-02-03 17:33:40,244 - INFO - common - yaml file: params.yaml loaded successfully]
[2024-02-03 17:33:40,246 - INFO - common - yaml file: schema.yaml loaded successfully]
[2024-02-03 17:33:40,248 - INFO - common - created directory at: artifacts]
[2024-02-03 17:35:25,439 - INFO - common - yaml file: config\config.yaml loaded successfully]
[2024-02-03 17:35:25,442 - INFO - common - yaml file: params.yaml loaded successfully]
[2024-02-03 17:35:25,444 - INFO - common - yaml file: schema.yaml loaded successfully]
[2024-02-03 18:53:21,275 - INFO - common - yaml file: config\config.yaml loaded successfully]
[2024-02-03 18:53:21,278 - INFO - common - yaml file: params.yaml loaded successfully]
[2024-02-03 18:53:21,281 - INFO - common - yaml file: schema.yaml loaded successfully]
[2024-02-03 18:53:21,283 - INFO - common - created directory at: artifacts]
[2024-02-03 18:54:00,764 - INFO - common - yaml file: config\config.yaml loaded successfully]
[2024-02-03 18:54:00,767 - INFO - common - yaml file: params.yaml loaded successfully]
[2024-02-03 18:54:00,768 - INFO - common - yaml file: schema.yaml loaded successfully]
[2024-02-03 18:54:00,770 - INFO - common - created directory at: artifacts]
[2024-02-03 18:54:56,006 - INFO - common - yaml file: config\config.yaml loaded successfully]
[2024-02-03 18:54:56,010 - INFO - common - yaml file: params.yaml loaded successfully]
[2024-02-03 18:54:56,011 - INFO - common - yaml file: schema.yaml loaded successfully]
[2024-02-03 18:54:56,013 - INFO - common - created directory at: artifacts]
[2024-02-03 18:55:12,180 - INFO - common - yaml file: config\config.yaml loaded successfully]
[2024-02-03 18:55:12,182 - INFO - common - yaml file: params.yaml loaded successfully]
[2024-02-03 18:55:12,183 - INFO - common - yaml file: schema.yaml loaded successfully]
[2024-02-03 18:55:12,185 - INFO - common - created directory at: artifacts]
[2024-02-03 18:56:00,151 - INFO - common - yaml file: config\config.yaml loaded successfully]
[2024-02-03 18:56:00,153 - INFO - common - yaml file: params.yaml loaded successfully]
[2024-02-03 18:56:00,156 - INFO - common - yaml file: schema.yaml loaded successfully]
[2024-02-03 18:56:00,157 - INFO - common - created directory at: artifacts]
[2024-02-03 18:56:18,690 - INFO - common - yaml file: config\config.yaml loaded successfully]
[2024-02-03 18:56:18,693 - INFO - common - yaml file: params.yaml loaded successfully]
[2024-02-03 18:56:18,694 - INFO - common - yaml file: schema.yaml loaded successfully]
[2024-02-03 18:56:18,695 - INFO - common - created directory at: artifacts]
[2024-02-03 18:57:08,059 - INFO - common - yaml file: config\config.yaml loaded successfully]
[2024-02-03 18:57:08,062 - INFO - common - yaml file: params.yaml loaded successfully]
[2024-02-03 18:57:08,064 - INFO - common - yaml file: schema.yaml loaded successfully]
[2024-02-03 18:57:08,066 - INFO - common - created directory at: artifacts]
[2024-02-03 18:57:18,044 - INFO - common - yaml file: config\config.yaml loaded successfully]
[2024-02-03 18:57:18,047 - INFO - common - yaml file: params.yaml loaded successfully]
[2024-02-03 18:57:18,050 - INFO - common - yaml file: schema.yaml loaded successfully]
[2024-02-03 18:57:18,051 - INFO - common - created directory at: artifacts]
[2024-02-03 18:57:49,817 - INFO - common - yaml file: config\config.yaml loaded successfully]
[2024-02-03 18:57:49,819 - INFO - common - yaml file: params.yaml loaded successfully]
[2024-02-03 18:57:49,820 - INFO - common - yaml file: schema.yaml loaded successfully]
[2024-02-03 18:57:49,821 - INFO - common - created directory at: artifacts]
[2024-02-03 19:00:34,614 - INFO - common - yaml file: config\config.yaml loaded successfully]
[2024-02-03 19:00:34,616 - INFO - common - yaml file: params.yaml loaded successfully]
[2024-02-03 19:00:34,617 - INFO - common - yaml file: schema.yaml loaded successfully]
[2024-02-03 19:00:34,618 - INFO - common - created directory at: artifacts]
[2024-02-03 19:00:34,620 - INFO - common - created directory at: artifacts/data/video_games_sales.csv]
[2024-02-03 19:02:37,398 - INFO - common - yaml file: config\config.yaml loaded successfully]
[2024-02-03 19:02:37,400 - INFO - common - yaml file: params.yaml loaded successfully]
[2024-02-03 19:02:37,402 - INFO - common - yaml file: schema.yaml loaded successfully]
[2024-02-03 19:02:37,404 - INFO - common - created directory at: artifacts]
[2024-02-03 19:02:37,405 - INFO - common - created directory at: artifacts/data]
[2024-02-03 19:04:16,563 - INFO - common - yaml file: config\config.yaml loaded successfully]
[2024-02-03 19:04:16,565 - INFO - common - yaml file: params.yaml loaded successfully]
[2024-02-03 19:04:16,567 - INFO - common - yaml file: schema.yaml loaded successfully]
[2024-02-03 19:04:16,569 - INFO - common - created directory at: artifacts]
[2024-02-03 19:04:16,570 - INFO - common - created directory at: artifacts/data]
[2024-02-03 19:05:58,021 - INFO - common - yaml file: config\config.yaml loaded successfully]
[2024-02-03 19:05:58,024 - INFO - common - yaml file: params.yaml loaded successfully]
[2024-02-03 19:05:58,026 - INFO - common - yaml file: schema.yaml loaded successfully]
[2024-02-03 19:05:58,026 - INFO - common - created directory at: artifacts]
[2024-02-03 19:05:58,029 - INFO - common - created directory at: artifacts/data]
[2024-02-03 19:06:59,165 - INFO - common - yaml file: config\config.yaml loaded successfully]
[2024-02-03 19:06:59,167 - INFO - common - yaml file: params.yaml loaded successfully]
[2024-02-03 19:06:59,169 - INFO - common - yaml file: schema.yaml loaded successfully]
[2024-02-03 19:06:59,170 - INFO - common - created directory at: artifacts]
[2024-02-03 19:06:59,171 - INFO - common - created directory at: artifacts/data]
[2024-02-03 19:07:42,457 - INFO - common - yaml file: config\config.yaml loaded successfully]
[2024-02-03 19:07:42,460 - INFO - common - yaml file: params.yaml loaded successfully]
[2024-02-03 19:07:42,461 - INFO - common - yaml file: schema.yaml loaded successfully]
[2024-02-03 19:07:42,462 - INFO - common - created directory at: artifacts]
[2024-02-03 19:07:42,464 - INFO - common - created directory at: artifacts/data]
[2024-02-03 19:09:17,066 - INFO - common - yaml file: config\config.yaml loaded successfully]
[2024-02-03 19:09:37,303 - INFO - common - yaml file: config\config.yaml loaded successfully]
[2024-02-03 19:10:09,077 - INFO - common - yaml file: config\config.yaml loaded successfully]
[2024-02-03 19:11:11,322 - INFO - common - yaml file: config\config.yaml loaded successfully]
[2024-02-03 19:11:36,075 - INFO - common - yaml file: config\config.yaml loaded successfully]
[2024-02-03 19:13:26,670 - INFO - common - yaml file: config\config.yaml loaded successfully]
[2024-02-03 19:13:26,674 - INFO - common - yaml file: params.yaml loaded successfully]
[2024-02-03 19:13:26,676 - INFO - common - yaml file: schema.yaml loaded successfully]
[2024-02-03 19:13:26,677 - INFO - common - created directory at: artifacts]
[2024-02-03 19:13:26,678 - INFO - common - created directory at: artifacts/data]
[2024-02-03 19:14:10,292 - INFO - common - yaml file: config\config.yaml loaded successfully]
[2024-02-03 19:15:29,145 - INFO - common - yaml file: config\config.yaml loaded successfully]
[2024-02-03 19:16:04,496 - INFO - common - yaml file: config\config.yaml loaded successfully]
[2024-02-03 19:16:04,499 - INFO - common - yaml file: params.yaml loaded successfully]
[2024-02-03 19:16:04,501 - INFO - common - yaml file: schema.yaml loaded successfully]
[2024-02-03 19:16:04,502 - INFO - common - created directory at: artifacts]
[2024-02-03 19:16:04,503 - INFO - common - created directory at: artifacts/data]
[2024-02-03 19:16:47,952 - INFO - common - yaml file: config\config.yaml loaded successfully]
[2024-02-03 19:17:08,426 - INFO - common - yaml file: config\config.yaml loaded successfully]
[2024-02-03 19:17:08,428 - INFO - common - yaml file: params.yaml loaded successfully]
[2024-02-03 19:17:08,430 - INFO - common - yaml file: schema.yaml loaded successfully]
[2024-02-03 19:17:08,432 - INFO - common - created directory at: artifacts]
[2024-02-03 19:17:08,433 - INFO - common - created directory at: artifacts/data]
[2024-02-03 21:19:36,016 - INFO - common - yaml file: config\config.yaml loaded successfully]
[2024-02-03 21:19:36,022 - INFO - common - yaml file: params.yaml loaded successfully]
[2024-02-03 21:19:36,025 - INFO - common - yaml file: schema.yaml loaded successfully]
[2024-02-03 21:19:36,028 - INFO - common - created directory at: artifacts]
[2024-02-03 21:19:36,030 - INFO - common - created directory at: artifacts/data]
[2024-02-03 21:26:21,078 - INFO - common - yaml file: config\config.yaml loaded successfully]
[2024-02-03 21:26:21,080 - INFO - common - yaml file: params.yaml loaded successfully]
[2024-02-03 21:26:21,082 - INFO - common - yaml file: schema.yaml loaded successfully]
[2024-02-03 21:26:21,138 - INFO - common - created directory at: artifacts]
[2024-02-03 21:26:21,142 - INFO - common - created directory at: artifacts/data]
[2024-02-03 21:33:17,321 - INFO - common - yaml file: config\config.yaml loaded successfully]
[2024-02-03 21:33:17,329 - INFO - common - yaml file: params.yaml loaded successfully]
[2024-02-03 21:33:17,332 - INFO - common - yaml file: schema.yaml loaded successfully]
[2024-02-03 21:33:17,333 - INFO - common - created directory at: artifacts]
[2024-02-03 21:33:17,335 - INFO - common - created directory at: artifacts/data]
[2024-02-03 21:36:02,704 - INFO - common - yaml file: config\config.yaml loaded successfully]
[2024-02-03 21:36:02,707 - INFO - common - yaml file: params.yaml loaded successfully]
[2024-02-03 21:36:02,709 - INFO - common - yaml file: schema.yaml loaded successfully]
[2024-02-03 21:36:02,710 - INFO - common - created directory at: artifacts]
[2024-02-03 21:36:02,712 - INFO - common - created directory at: artifacts/data]
[2024-02-03 21:36:18,068 - INFO - common - yaml file: config\config.yaml loaded successfully]
[2024-02-03 21:36:18,069 - INFO - common - yaml file: params.yaml loaded successfully]
[2024-02-03 21:36:18,072 - INFO - common - yaml file: schema.yaml loaded successfully]
[2024-02-03 21:36:18,073 - INFO - common - created directory at: artifacts]
[2024-02-03 21:36:18,075 - INFO - common - created directory at: artifacts/data]
[2024-02-03 21:38:04,251 - INFO - common - yaml file: config\config.yaml loaded successfully]
[2024-02-03 21:38:04,253 - INFO - common - yaml file: params.yaml loaded successfully]
[2024-02-03 21:38:04,256 - INFO - common - yaml file: schema.yaml loaded successfully]
[2024-02-03 21:38:04,257 - INFO - common - created directory at: artifacts]
[2024-02-03 21:38:04,314 - INFO - common - created directory at: artifacts/data]
[2024-02-03 21:47:49,951 - INFO - common - yaml file: config\config.yaml loaded successfully]
[2024-02-03 21:47:49,954 - INFO - common - yaml file: params.yaml loaded successfully]
[2024-02-03 21:47:49,956 - INFO - common - yaml file: schema.yaml loaded successfully]
[2024-02-03 21:47:49,958 - INFO - common - created directory at: artifacts]
[2024-02-03 21:47:49,959 - INFO - common - created directory at: artifacts/data]
[2024-02-03 21:48:43,402 - INFO - common - yaml file: config\config.yaml loaded successfully]
[2024-02-03 21:48:43,404 - INFO - common - yaml file: params.yaml loaded successfully]
[2024-02-03 21:48:43,406 - INFO - common - yaml file: schema.yaml loaded successfully]
[2024-02-03 21:48:43,407 - INFO - common - created directory at: artifacts]
[2024-02-03 21:48:43,409 - INFO - common - created directory at: artifacts/data]
[2024-02-03 21:48:44,543 - INFO - 2186890764 - video_games_sales1.csv is saved]
[2024-02-03 21:49:18,380 - INFO - common - yaml file: config\config.yaml loaded successfully]
[2024-02-03 21:49:18,383 - INFO - common - yaml file: params.yaml loaded successfully]
[2024-02-03 21:49:18,385 - INFO - common - yaml file: schema.yaml loaded successfully]
[2024-02-03 21:49:18,387 - INFO - common - created directory at: artifacts]
[2024-02-03 21:49:18,389 - INFO - common - created directory at: artifacts/data]
[2024-02-03 21:49:21,916 - INFO - common - yaml file: config\config.yaml loaded successfully]
[2024-02-03 21:49:21,919 - INFO - common - yaml file: params.yaml loaded successfully]
[2024-02-03 21:49:21,921 - INFO - common - yaml file: schema.yaml loaded successfully]
[2024-02-03 21:49:21,922 - INFO - common - created directory at: artifacts]
[2024-02-03 21:49:21,924 - INFO - common - created directory at: artifacts/data]
[2024-02-03 21:49:22,877 - INFO - 2186890764 - video_games_sales.csv is saved]
[2024-02-04 12:43:47,300 - INFO - common - yaml file: config\config.yaml loaded successfully]
[2024-02-04 12:43:47,368 - INFO - common - yaml file: params.yaml loaded successfully]
[2024-02-04 12:43:47,373 - INFO - common - yaml file: schema.yaml loaded successfully]
[2024-02-04 12:43:55,639 - INFO - common - yaml file: config\config.yaml loaded successfully]
[2024-02-04 12:43:55,641 - INFO - common - yaml file: params.yaml loaded successfully]
[2024-02-04 12:43:55,645 - INFO - common - yaml file: schema.yaml loaded successfully]
[2024-02-04 12:44:06,115 - INFO - common - yaml file: config\config.yaml loaded successfully]
[2024-02-04 12:44:06,117 - INFO - common - yaml file: params.yaml loaded successfully]
[2024-02-04 12:44:06,120 - INFO - common - yaml file: schema.yaml loaded successfully]
[2024-02-04 12:44:52,527 - INFO - common - yaml file: config\config.yaml loaded successfully]
[2024-02-04 12:44:52,529 - INFO - common - yaml file: params.yaml loaded successfully]
[2024-02-04 12:44:52,533 - INFO - common - yaml file: schema.yaml loaded successfully]
[2024-02-04 12:44:52,536 - INFO - common - created directory at: artifacts]
[2024-02-04 12:44:52,537 - INFO - common - created directory at: artifacts/data_validation]
[2024-02-04 12:48:52,370 - INFO - common - yaml file: config\config.yaml loaded successfully]
[2024-02-04 12:48:52,372 - INFO - common - yaml file: params.yaml loaded successfully]
[2024-02-04 12:48:52,375 - INFO - common - yaml file: schema.yaml loaded successfully]
[2024-02-04 12:48:52,377 - INFO - common - created directory at: artifacts]
[2024-02-04 12:48:52,377 - INFO - common - created directory at: artifacts/data_validation]
[2024-02-04 12:50:21,820 - INFO - common - yaml file: config\config.yaml loaded successfully]
[2024-02-04 12:50:21,821 - INFO - common - yaml file: params.yaml loaded successfully]
[2024-02-04 12:50:21,825 - INFO - common - yaml file: schema.yaml loaded successfully]
[2024-02-04 12:50:21,826 - INFO - common - created directory at: artifacts]
[2024-02-04 12:50:21,828 - INFO - common - created directory at: artifacts/data_validation]
[2024-02-04 13:16:00,664 - INFO - common - yaml file: config\config.yaml loaded successfully]
[2024-02-04 13:16:00,666 - INFO - common - yaml file: params.yaml loaded successfully]
[2024-02-04 13:16:00,669 - INFO - common - yaml file: schema.yaml loaded successfully]
[2024-02-04 13:16:00,670 - INFO - common - created directory at: artifacts]
[2024-02-04 13:16:00,671 - INFO - common - created directory at: artifacts/data_validation]
[2024-02-04 13:19:41,940 - INFO - common - yaml file: config\config.yaml loaded successfully]
[2024-02-04 13:19:41,943 - INFO - common - yaml file: params.yaml loaded successfully]
[2024-02-04 13:19:41,947 - INFO - common - yaml file: schema.yaml loaded successfully]
[2024-02-04 13:19:41,949 - INFO - common - created directory at: artifacts]
[2024-02-04 13:19:59,175 - INFO - common - yaml file: config\config.yaml loaded successfully]
[2024-02-04 13:19:59,177 - INFO - common - yaml file: params.yaml loaded successfully]
[2024-02-04 13:19:59,182 - INFO - common - yaml file: schema.yaml loaded successfully]
[2024-02-04 13:19:59,184 - INFO - common - created directory at: artifacts]
[2024-02-04 13:19:59,185 - INFO - common - created directory at: artifacts/data_validation]
[2024-02-04 14:05:22,036 - INFO - common - yaml file: config\config.yaml loaded successfully]
[2024-02-04 14:05:22,038 - INFO - common - yaml file: params.yaml loaded successfully]
[2024-02-04 14:05:22,042 - INFO - common - yaml file: schema.yaml loaded successfully]
[2024-02-04 14:05:22,044 - INFO - common - created directory at: artifacts]
[2024-02-04 14:05:22,045 - INFO - common - created directory at: artifacts/data_validation]
[2024-02-04 15:27:02,190 - INFO - common - yaml file: config\config.yaml loaded successfully]
[2024-02-04 15:27:02,191 - INFO - common - yaml file: params.yaml loaded successfully]
[2024-02-04 15:27:02,196 - INFO - common - yaml file: schema.yaml loaded successfully]
[2024-02-04 15:27:02,199 - INFO - common - created directory at: artifacts]
[2024-02-04 15:27:02,201 - INFO - common - created directory at: artifacts/data_validation]
[2024-02-04 15:27:20,696 - INFO - common - yaml file: config\config.yaml loaded successfully]
[2024-02-04 15:27:20,698 - INFO - common - yaml file: params.yaml loaded successfully]
[2024-02-04 15:27:20,702 - INFO - common - yaml file: schema.yaml loaded successfully]
[2024-02-04 15:27:20,703 - INFO - common - created directory at: artifacts]
[2024-02-04 15:27:20,706 - INFO - common - created directory at: artifacts/data_validation]
[2024-02-04 16:22:50,828 - INFO - common - yaml file: config\config.yaml loaded successfully]
[2024-02-04 16:22:50,831 - INFO - common - yaml file: params.yaml loaded successfully]
[2024-02-04 16:22:50,834 - INFO - common - yaml file: schema.yaml loaded successfully]
[2024-02-04 16:22:50,835 - INFO - common - created directory at: artifacts]
[2024-02-04 16:22:50,837 - INFO - common - created directory at: artifacts/data_transformation]
